[debug] [2025-08-10T01:29:46.401Z] ----------------------------------------------------------------------
[debug] [2025-08-10T01:29:46.404Z] Command:       C:\Program Files\nodejs\node.exe C:\Users\mich\AppData\Roaming\npm\node_modules\firebase-tools\lib\bin\firebase.js init hosting
[debug] [2025-08-10T01:29:46.404Z] CLI Version:   14.12.0
[debug] [2025-08-10T01:29:46.404Z] Platform:      win32
[debug] [2025-08-10T01:29:46.404Z] Node Version:  v22.18.0
[debug] [2025-08-10T01:29:46.404Z] Time:          Sat Aug 09 2025 18:29:46 GMT-0700 (Pacific Daylight Time)
[debug] [2025-08-10T01:29:46.404Z] ----------------------------------------------------------------------
[debug] 
[debug] [2025-08-10T01:29:46.408Z] > command requires scopes: ["email","openid","https://www.googleapis.com/auth/cloudplatformprojects.readonly","https://www.googleapis.com/auth/firebase","https://www.googleapis.com/auth/cloud-platform"]
[debug] [2025-08-10T01:29:46.409Z] > authorizing via signed-in user (michellebui3402@gmail.com)
[info] 
     ######## #### ########  ######## ########     ###     ######  ########
     ##        ##  ##     ## ##       ##     ##  ##   ##  ##       ##
     ######    ##  ########  ######   ########  #########  ######  ######
     ##        ##  ##    ##  ##       ##     ## ##     ##       ## ##
     ##       #### ##     ## ######## ########  ##     ##  ######  ########

You're about to initialize a Firebase project in this directory:

  C:\Users\mich\Documents\GitHub\angeliuvu

[info] 
=== Project Setup
[info] 
[info] First, let's associate this project directory with a Firebase project.
[info] You can create multiple project aliases by running firebase use --add, 
[info] but for now we'll just set up a default project.
[info] 
[debug] [2025-08-10T01:29:50.600Z] Checked if tokens are valid: true, expires at: 1754792965033
[debug] [2025-08-10T01:29:50.600Z] Checked if tokens are valid: true, expires at: 1754792965033
[debug] [2025-08-10T01:29:50.601Z] >>> [apiv2][query] GET https://firebase.googleapis.com/v1beta1/projects pageSize=100
[debug] [2025-08-10T01:29:50.930Z] <<< [apiv2][status] GET https://firebase.googleapis.com/v1beta1/projects 200
[debug] [2025-08-10T01:29:50.930Z] <<< [apiv2][body] GET https://firebase.googleapis.com/v1beta1/projects [omitted]
[info] i  Using project angelicvu-portfolio (angelicvu-portfolio) 
[info] 
=== Hosting Setup
[debug] [2025-08-10T01:29:52.257Z] Checked if tokens are valid: true, expires at: 1754792965033
[debug] [2025-08-10T01:29:52.257Z] Checked if tokens are valid: true, expires at: 1754792965033
[debug] [2025-08-10T01:29:52.257Z] >>> [apiv2][query] GET https://firebase.googleapis.com/v1beta1/projects/angelicvu-portfolio [none]
[debug] [2025-08-10T01:29:52.395Z] <<< [apiv2][status] GET https://firebase.googleapis.com/v1beta1/projects/angelicvu-portfolio 200
[debug] [2025-08-10T01:29:52.395Z] <<< [apiv2][body] GET https://firebase.googleapis.com/v1beta1/projects/angelicvu-portfolio {"projectId":"angelicvu-portfolio","projectNumber":"694459823428","displayName":"angelicvu-portfolio","name":"projects/angelicvu-portfolio","resources":{"hostingSite":"angelicvu-portfolio"},"state":"ACTIVE","etag":"1_b49b3df1-7977-4eec-a723-19fb66eacf94"}
[info] 
[info] Your public directory is the folder (relative to your project directory) that
[info] will contain Hosting assets to be uploaded with firebase deploy. If you
[info] have a build process for your assets, use your build's output directory.
[info] 
[info] i  michdirectory/404.html is unchanged 
[debug] [2025-08-10T01:30:02.678Z] >>> [apiv2][query] GET https://www.gstatic.com/firebasejs/releases.json [none]
[debug] [2025-08-10T01:30:02.752Z] <<< [apiv2][status] GET https://www.gstatic.com/firebasejs/releases.json 200
[debug] [2025-08-10T01:30:02.752Z] <<< [apiv2][body] GET https://www.gstatic.com/firebasejs/releases.json {"current":{"version":"12.1.0","browserURL":"https://www.gstatic.com/firebasejs/12.1.0/firebase.js","packageURL":"https://www.gstatic.com/firebasejs/12.1.0/firebase.tgz"},"live":{"version":"12.1","browserURL":"https://www.gstatic.com/firebasejs/live/12.1/firebase.js","packageURL":"https://www.gstatic.com/firebasejs/live/12.1/firebase.tgz"},"components":{"ai":"https://www.gstatic.com/firebasejs/12.1.0/firebase-ai.js","analytics":"https://www.gstatic.com/firebasejs/12.1.0/firebase-analytics.js","app":"https://www.gstatic.com/firebasejs/12.1.0/firebase-app.js","app-check":"https://www.gstatic.com/firebasejs/12.1.0/firebase-app-check.js","auth":"https://www.gstatic.com/firebasejs/12.1.0/firebase-auth.js","auth/cordova":"https://www.gstatic.com/firebasejs/12.1.0/firebase-auth/cordova.js","auth/web-extension":"https://www.gstatic.com/firebasejs/12.1.0/firebase-auth/web-extension.js","functions":"https://www.gstatic.com/firebasejs/12.1.0/firebase-functions.js","firestore":"https://www.gstatic.com/firebasejs/12.1.0/firebase-firestore.js","firestore/lite":"https://www.gstatic.com/firebasejs/12.1.0/firebase-firestore/lite.js","installations":"https://www.gstatic.com/firebasejs/12.1.0/firebase-installations.js","storage":"https://www.gstatic.com/firebasejs/12.1.0/firebase-storage.js","performance":"https://www.gstatic.com/firebasejs/12.1.0/firebase-performance.js","remote-config":"https://www.gstatic.com/firebasejs/12.1.0/firebase-remote-config.js","messaging":"https://www.gstatic.com/firebasejs/12.1.0/firebase-messaging.js","messaging/sw":"https://www.gstatic.com/firebasejs/12.1.0/firebase-messaging/sw.js","database":"https://www.gstatic.com/firebasejs/12.1.0/firebase-database.js","data-connect":"https://www.gstatic.com/firebasejs/12.1.0/firebase-data-connect.js","firestore.memory":"https://www.gstatic.com/firebasejs/12.1.0/firebase-firestore.memory.js"}}
[info] i  michdirectory/index.html is unchanged 
[info] 
[info] i  Detected a .git folder at C:\Users\mich\Documents\GitHub\angeliuvu 
[info] i  Authorizing with GitHub to upload your service account to a GitHub repository's secrets store. 
[info] 
[info] Visit this URL on this device to log in:
[info] https://github.com/login/oauth/authorize?client_id=89cf50f02ac6aaed3484&state=541059475&redirect_uri=http%3A%2F%2Flocalhost%3A9005&scope=read%3Auser%20repo%20public_repo
[info] 
[info] Waiting for authentication...
[debug] [2025-08-10T01:30:03.236Z] >>> [apiv2][query] POST https://github.com/login/oauth/access_token [none]
[debug] [2025-08-10T01:30:03.236Z] >>> [apiv2][body] POST https://github.com/login/oauth/access_token [stream]
[debug] [2025-08-10T01:30:03.585Z] <<< [apiv2][status] POST https://github.com/login/oauth/access_token 200
[debug] [2025-08-10T01:30:03.585Z] <<< [apiv2][body] POST https://github.com/login/oauth/access_token {"access_token":"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","token_type":"bearer","scope":"read:user,repo"}
[debug] [2025-08-10T01:30:03.588Z] >>> [apiv2][query] GET https://api.github.com/user [none]
[debug] [2025-08-10T01:30:03.984Z] <<< [apiv2][status] GET https://api.github.com/user 200
[debug] [2025-08-10T01:30:03.984Z] <<< [apiv2][body] GET https://api.github.com/user {"login":"buimichelle","id":78991673,"node_id":"MDQ6VXNlcjc4OTkxNjcz","avatar_url":"https://avatars.githubusercontent.com/u/78991673?v=4","gravatar_id":"","url":"https://api.github.com/users/buimichelle","html_url":"https://github.com/buimichelle","followers_url":"https://api.github.com/users/buimichelle/followers","following_url":"https://api.github.com/users/buimichelle/following{/other_user}","gists_url":"https://api.github.com/users/buimichelle/gists{/gist_id}","starred_url":"https://api.github.com/users/buimichelle/starred{/owner}{/repo}","subscriptions_url":"https://api.github.com/users/buimichelle/subscriptions","organizations_url":"https://api.github.com/users/buimichelle/orgs","repos_url":"https://api.github.com/users/buimichelle/repos","events_url":"https://api.github.com/users/buimichelle/events{/privacy}","received_events_url":"https://api.github.com/users/buimichelle/received_events","type":"User","user_view_type":"private","site_admin":false,"name":"Michelle Bui","company":null,"blog":"","location":null,"email":null,"hireable":null,"bio":null,"twitter_username":null,"notification_email":null,"public_repos":6,"public_gists":0,"followers":0,"following":0,"created_at":"2021-02-13T01:57:15Z","updated_at":"2025-08-10T01:07:34Z","private_gists":0,"total_private_repos":7,"owned_private_repos":7,"disk_usage":78176,"collaborators":0,"two_factor_authentication":false,"plan":{"name":"free","space":976562499,"collaborators":0,"private_repos":10000}}
[info] 
[info] +  Success! Logged into GitHub as buimichelle 
[info] 
[debug] [2025-08-10T01:30:18.215Z] >>> [apiv2][query] GET https://api.github.com/repos/buimichelle/angelicvu/actions/secrets/public-key type=owner
[debug] [2025-08-10T01:30:18.486Z] <<< [apiv2][status] GET https://api.github.com/repos/buimichelle/angelicvu/actions/secrets/public-key 404
[debug] [2025-08-10T01:30:18.486Z] <<< [apiv2][body] GET https://api.github.com/repos/buimichelle/angelicvu/actions/secrets/public-key {"message":"Not Found","documentation_url":"https://docs.github.com/rest/actions/secrets#get-a-repository-public-key","status":"404"}
[info] 
[info] 
[error] !  The provided authorization cannot be used with this repository. If this repository is in an organization, did you remember to grant access? 
[info] 
[info] i  Action required: Visit this URL to ensure access has been granted to the appropriate organization(s) for the Firebase CLI GitHub OAuth App: 
[info] https://github.com/settings/connections/applications/89cf50f02ac6aaed3484
[info] 
[debug] [2025-08-10T01:30:57.594Z] ExitPromptError: User force closed the prompt with SIGINT
    at Interface.sigint (C:\Users\mich\AppData\Roaming\npm\node_modules\firebase-tools\node_modules\@inquirer\core\dist\commonjs\lib\create-prompt.js:101:37)
    at Interface.emit (node:events:518:28)
    at Interface.emit (node:domain:489:12)
    at [_ttyWrite] [as _ttyWrite] (node:internal/readline/interface:1132:18)
    at ReadStream.onkeypress (node:internal/readline/interface:271:20)
    at ReadStream.emit (node:events:530:35)
    at ReadStream.emit (node:domain:489:12)
    at emitKeys (node:internal/readline/utils:370:14)
    at emitKeys.next (<anonymous>)
    at ReadStream.onData (node:internal/readline/emitKeypressEvents:64:36)
[error] 
[error] Error: An unexpected error has occurred.
